#-----------------------------------------------------------
# Vivado v2020.2 (64-bit)
# SW Build 3064766 on Wed Nov 18 09:12:45 MST 2020
# IP Build 3064653 on Wed Nov 18 14:17:31 MST 2020
# Start of session at: Thu Mar  6 16:37:39 2025
# Process ID: 2780
# Current directory: C:/Users/kccistc/Documents/GitHub/Harman_Verilog
# Command line: vivado.exe
# Log file: C:/Users/kccistc/Documents/GitHub/Harman_Verilog/vivado.log
# Journal file: C:/Users/kccistc/Documents/GitHub/Harman_Verilog\vivado.jou
#-----------------------------------------------------------
start_gui
open_project C:/Users/kccistc/Documents/GitHub/Harman_Verilog/workspace/Timer/Timer.xpr
WARNING: [filemgmt 56-3] Default IP Output Path : Could not find the directory 'C:/Users/kccistc/Documents/GitHub/Harman_Verilog/workspace/Timer/Timer.gen/sources_1'.
Scanning sources...
Finished scanning sources
INFO: [IP_Flow 19-234] Refreshing IP repositories
INFO: [IP_Flow 19-1704] No user IP repositories specified
INFO: [IP_Flow 19-2313] Loaded Vivado IP repository 'C:/Xilinx/Vivado/2020.2/data/ip'.
update_compile_order -fileset sources_1
exit
INFO: [Common 17-206] Exiting Vivado at Thu Mar  6 16:38:02 2025...
