#-----------------------------------------------------------
# Vivado v2020.2 (64-bit)
# SW Build 3064766 on Wed Nov 18 09:12:45 MST 2020
# IP Build 3064653 on Wed Nov 18 14:17:31 MST 2020
# Start of session at: Tue Mar  4 16:06:27 2025
# Process ID: 12008
# Current directory: C:/Users/kccistc/Documents/GitHub/Harman_Verilog/workspace/counter_10k
# Command line: vivado.exe -gui_launcher_event rodinguilauncherevent12424 C:\Users\kccistc\Documents\GitHub\Harman_Verilog\workspace\counter_10k\project_1.xpr
# Log file: C:/Users/kccistc/Documents/GitHub/Harman_Verilog/workspace/counter_10k/vivado.log
# Journal file: C:/Users/kccistc/Documents/GitHub/Harman_Verilog/workspace/counter_10k\vivado.jou
#-----------------------------------------------------------
start_gui
open_project C:/Users/kccistc/Documents/GitHub/Harman_Verilog/workspace/counter_10k/project_1.xpr
INFO: [Project 1-313] Project file moved from 'C:/Users/kccistc/Desktop/project_1' since last save.
WARNING: [filemgmt 56-2] Default IP Output Path : Could not find the directory 'C:/Users/kccistc/Documents/GitHub/Harman_Verilog/workspace/counter_10k/project_1.gen/sources_1', nor could it be found using path 'C:/Users/kccistc/Desktop/project_1/project_1.gen/sources_1'.
Scanning sources...
Finished scanning sources
INFO: [IP_Flow 19-234] Refreshing IP repositories
INFO: [IP_Flow 19-1704] No user IP repositories specified
INFO: [IP_Flow 19-2313] Loaded Vivado IP repository 'C:/Xilinx/Vivado/2020.2/data/ip'.
open_project: Time (s): cpu = 00:00:14 ; elapsed = 00:00:05 . Memory (MB): peak = 1103.230 ; gain = 0.000
update_compile_order -fileset sources_1
exit
INFO: [Common 17-206] Exiting Vivado at Tue Mar  4 16:07:06 2025...
